<?xml version="1.0" encoding="UTF-8"?>
<!-- Generated by org.testng.reporters.JUnitReportReporter -->
<testsuite hostname="DESKTOP-RO8HHPK" failures="0" tests="12" name="com.Testfacebook.Test_Facebook" time="98.053" errors="0" timestamp="2022-01-02T08:46:02 IST" skipped="0">
  <testcase classname="com.Testfacebook.Test_Facebook" name="facebooklogin" time="25.533"/>
  <system-out/>
  <testcase classname="com.Testfacebook.Test_Facebook" name="facebooklogin" time="16.373"/>
  <system-out/>
  <testcase classname="com.Testfacebook.Test_Facebook" name="facebooklogin" time="24.018"/>
  <system-out/>
  <testcase classname="com.Testfacebook.Test_Facebook" name="facebooklogin" time="5.097"/>
  <system-out/>
  <testcase classname="com.Testfacebook.Test_Facebook" name="facebookpassword" time="9.153"/>
  <system-out/>
  <testcase classname="com.Testfacebook.Test_Facebook" name="facebooklogin" time="5.606"/>
  <system-out/>
  <testcase classname="com.Testfacebook.Test_Facebook" name="facebooklogin" time="2.678"/>
  <system-out/>
  <testcase classname="com.Testfacebook.Test_Facebook" name="facebookpassword" time="2.077"/>
  <system-out/>
  <testcase classname="com.Testfacebook.Test_Facebook" name="facebookpassword" time="2.091"/>
  <system-out/>
  <testcase classname="com.Testfacebook.Test_Facebook" name="facebooklogin" time="2.118"/>
  <system-out/>
  <testcase classname="com.Testfacebook.Test_Facebook" name="facebooknewaccount" time="1.397"/>
  <system-out/>
  <testcase classname="com.Testfacebook.Test_Facebook" name="facebookpassword" time="1.912"/>
  <system-out/>
</testsuite> <!-- com.Testfacebook.Test_Facebook -->
