<?xml version="1.0" encoding="UTF-8"?>
<!-- Generated by org.testng.reporters.JUnitReportReporter -->
<testsuite hostname="DESKTOP-RO8HHPK" failures="0" tests="3" name="com.Testfacebook.Edit" time="4.297" errors="0" timestamp="2022-01-01T11:38:56 IST" skipped="2">
  <testcase classname="com.Testfacebook.Edit" name="facebooknewaccount" time="4.297"/>
  <system-out/>
  <testcase classname="com.Testfacebook.Edit" name="facebookpassword">
    <skipped/>
  </testcase> <!-- facebookpassword -->
  <system-out/>
  <testcase classname="com.Testfacebook.Edit" name="facebooklogin">
    <skipped/>
  </testcase> <!-- facebooklogin -->
  <system-out/>
</testsuite> <!-- com.Testfacebook.Edit -->
